TN:
SF:transactions\transactionFunctions.js
FN:10,getMgcRate
FN:22,logAudit
FN:39,logAuditGeneral
FN:53,validateUser
FN:68,(anonymous_4)
FN:101,(anonymous_5)
FN:147,(anonymous_6)
FN:168,(anonymous_7)
FN:224,(anonymous_8)
FN:246,(anonymous_9)
FN:308,(anonymous_10)
FN:330,(anonymous_11)
FNF:12
FNH:2
FNDA:0,getMgcRate
FNDA:1,logAudit
FNDA:0,logAuditGeneral
FNDA:3,validateUser
FNDA:0,(anonymous_4)
FNDA:0,(anonymous_5)
FNDA:0,(anonymous_6)
FNDA:0,(anonymous_7)
FNDA:0,(anonymous_8)
FNDA:0,(anonymous_9)
FNDA:0,(anonymous_10)
FNDA:0,(anonymous_11)
DA:1,1
DA:2,1
DA:3,1
DA:6,1
DA:7,1
DA:11,0
DA:12,0
DA:13,0
DA:14,0
DA:16,0
DA:18,0
DA:23,1
DA:24,1
DA:34,0
DA:40,0
DA:41,0
DA:48,0
DA:54,3
DA:55,3
DA:56,3
DA:57,2
DA:59,2
DA:60,1
DA:62,1
DA:68,1
DA:69,0
DA:70,0
DA:71,0
DA:74,0
DA:75,0
DA:78,0
DA:79,0
DA:81,0
DA:82,0
DA:84,0
DA:85,0
DA:89,0
DA:92,0
DA:93,0
DA:97,0
DA:98,0
DA:101,0
DA:102,0
DA:103,0
DA:105,0
DA:106,0
DA:108,0
DA:109,0
DA:111,0
DA:112,0
DA:115,0
DA:116,0
DA:120,0
DA:128,0
DA:136,0
DA:137,0
DA:139,0
DA:140,0
DA:147,1
DA:148,0
DA:149,0
DA:150,0
DA:153,0
DA:154,0
DA:157,0
DA:158,0
DA:160,0
DA:161,0
DA:165,0
DA:168,0
DA:169,0
DA:170,0
DA:171,0
DA:172,0
DA:174,0
DA:175,0
DA:178,0
DA:182,0
DA:189,0
DA:198,0
DA:206,0
DA:213,0
DA:214,0
DA:216,0
DA:217,0
DA:224,1
DA:225,0
DA:226,0
DA:227,0
DA:230,0
DA:231,0
DA:234,0
DA:235,0
DA:239,0
DA:240,0
DA:243,0
DA:246,0
DA:247,0
DA:248,0
DA:249,0
DA:250,0
DA:252,0
DA:253,0
DA:256,0
DA:260,0
DA:267,0
DA:277,0
DA:285,0
DA:293,0
DA:294,0
DA:300,0
DA:301,0
DA:308,1
DA:309,0
DA:310,0
DA:311,0
DA:314,0
DA:315,0
DA:318,0
DA:319,0
DA:321,0
DA:322,0
DA:326,0
DA:330,0
DA:331,0
DA:332,0
DA:333,0
DA:334,0
DA:337,0
DA:341,0
DA:342,0
DA:344,0
DA:357,0
DA:365,0
DA:373,0
DA:374,0
DA:376,0
DA:377,0
DA:383,1
DA:384,1
DA:385,1
LF:141
LH:21
BRDA:13,0,0,0
BRDA:13,0,1,0
BRDA:14,1,0,0
BRDA:14,1,1,0
BRDA:14,2,0,0
BRDA:14,2,1,0
BRDA:56,3,0,1
BRDA:56,3,1,2
BRDA:59,4,0,1
BRDA:59,4,1,1
BRDA:70,5,0,0
BRDA:70,5,1,0
BRDA:78,6,0,0
BRDA:78,6,1,0
BRDA:78,7,0,0
BRDA:78,7,1,0
BRDA:78,7,2,0
BRDA:81,8,0,0
BRDA:81,8,1,0
BRDA:81,9,0,0
BRDA:81,9,1,0
BRDA:81,9,2,0
BRDA:84,10,0,0
BRDA:84,10,1,0
BRDA:84,11,0,0
BRDA:84,11,1,0
BRDA:84,11,2,0
BRDA:92,12,0,0
BRDA:92,12,1,0
BRDA:98,13,0,0
BRDA:98,13,1,0
BRDA:103,14,0,0
BRDA:103,14,1,0
BRDA:105,15,0,0
BRDA:105,15,1,0
BRDA:108,16,0,0
BRDA:108,16,1,0
BRDA:109,17,0,0
BRDA:109,17,1,0
BRDA:111,18,0,0
BRDA:111,18,1,0
BRDA:122,19,0,0
BRDA:122,19,1,0
BRDA:140,20,0,0
BRDA:140,20,1,0
BRDA:149,21,0,0
BRDA:149,21,1,0
BRDA:157,22,0,0
BRDA:157,22,1,0
BRDA:157,23,0,0
BRDA:157,23,1,0
BRDA:157,23,2,0
BRDA:157,23,3,0
BRDA:160,24,0,0
BRDA:160,24,1,0
BRDA:160,25,0,0
BRDA:160,25,1,0
BRDA:160,25,2,0
BRDA:160,25,3,0
BRDA:171,26,0,0
BRDA:171,26,1,0
BRDA:171,27,0,0
BRDA:171,27,1,0
BRDA:174,28,0,0
BRDA:174,28,1,0
BRDA:174,29,0,0
BRDA:174,29,1,0
BRDA:183,30,0,0
BRDA:183,30,1,0
BRDA:184,31,0,0
BRDA:184,31,1,0
BRDA:217,32,0,0
BRDA:217,32,1,0
BRDA:226,33,0,0
BRDA:226,33,1,0
BRDA:234,34,0,0
BRDA:234,34,1,0
BRDA:234,35,0,0
BRDA:234,35,1,0
BRDA:234,35,2,0
BRDA:234,35,3,0
BRDA:249,36,0,0
BRDA:249,36,1,0
BRDA:249,37,0,0
BRDA:249,37,1,0
BRDA:252,38,0,0
BRDA:252,38,1,0
BRDA:252,39,0,0
BRDA:252,39,1,0
BRDA:261,40,0,0
BRDA:261,40,1,0
BRDA:262,41,0,0
BRDA:262,41,1,0
BRDA:301,42,0,0
BRDA:301,42,1,0
BRDA:310,43,0,0
BRDA:310,43,1,0
BRDA:318,44,0,0
BRDA:318,44,1,0
BRDA:318,45,0,0
BRDA:318,45,1,0
BRDA:318,45,2,0
BRDA:318,45,3,0
BRDA:321,46,0,0
BRDA:321,46,1,0
BRDA:321,47,0,0
BRDA:321,47,1,0
BRDA:321,47,2,0
BRDA:333,48,0,0
BRDA:333,48,1,0
BRDA:333,49,0,0
BRDA:333,49,1,0
BRDA:346,50,0,0
BRDA:346,50,1,0
BRDA:348,51,0,0
BRDA:348,51,1,0
BRDA:349,52,0,0
BRDA:349,52,1,0
BRDA:361,53,0,0
BRDA:361,53,1,0
BRDA:362,54,0,0
BRDA:362,54,1,0
BRDA:363,55,0,0
BRDA:363,55,1,0
BRDA:370,56,0,0
BRDA:370,56,1,0
BRDA:377,57,0,0
BRDA:377,57,1,0
BRF:128
BRH:4
end_of_record
